2019-01-22 05:21:50,920 INFO: contains: file [in /Users/Developer/PycharmProjects/microblog/app/memory/routes.py:414]
2019-01-22 05:21:51,153 INFO: contains: source [in /Users/Developer/PycharmProjects/microblog/app/memory/routes.py:414]
2019-01-22 05:21:51,153 INFO: contains: file_url [in /Users/Developer/PycharmProjects/microblog/app/memory/routes.py:414]
2019-01-22 05:21:51,154 INFO: contains: publication_date [in /Users/Developer/PycharmProjects/microblog/app/memory/routes.py:414]
2019-01-22 05:21:51,155 INFO: route view: before render prescription looks like this: {'k01': {'key': 'file', 'label': 'File ID'}, 'k02': {'key': 'source', 'label': 'Source'}, 'k03': {'key': 'file_url', 'label': 'File Location'}, 'k04': {'key': 'publication_date', 'label': 'Publication Date'}} [in /Users/Developer/PycharmProjects/microblog/app/memory/routes.py:435]
2019-01-22 05:21:51,155 INFO: route view: memory contains this document: {'file': '1005.HOME', 'source': 'Jürgen', 'file_url': '20190107_FDP_Kreis_Einladung.pdf', 'publication_date': '2019-01-07'} [in /Users/Developer/PycharmProjects/microblog/app/memory/routes.py:436]
2019-01-22 05:21:57,842 INFO: load memory structure for document, found {'k01': {'key': 'file', 'label': 'File ID'}, 'k02': {'key': 'source', 'label': 'Source'}, 'k03': {'key': 'file_url', 'label': 'File Location'}, 'k04': {'key': 'publication_date', 'label': 'Publication Date'}} [in /Users/Developer/PycharmProjects/microblog/app/memory/routes.py:407]
2019-01-22 05:21:57,922 INFO: contains: file [in /Users/Developer/PycharmProjects/microblog/app/memory/routes.py:414]
2019-01-22 05:21:57,923 INFO: contains: source [in /Users/Developer/PycharmProjects/microblog/app/memory/routes.py:414]
2019-01-22 05:21:57,923 INFO: contains: file_url [in /Users/Developer/PycharmProjects/microblog/app/memory/routes.py:414]
2019-01-22 05:21:57,923 INFO: contains: publication_date [in /Users/Developer/PycharmProjects/microblog/app/memory/routes.py:414]
2019-01-22 05:21:57,996 INFO: enter memory/index route. [in /Users/Developer/PycharmProjects/microblog/app/memory/routes.py:28]
2019-01-22 05:21:57,996 INFO: load filter settings from session. status = off [in /Users/Developer/PycharmProjects/microblog/app/memory/routes.py:64]
2019-01-22 05:21:57,997 INFO: filter status before post logic  is off [in /Users/Developer/PycharmProjects/microblog/app/memory/routes.py:80]
2019-01-22 05:21:57,997 INFO: request.method is GET. [in /Users/Developer/PycharmProjects/microblog/app/memory/routes.py:115]
2019-01-22 05:21:57,997 INFO: session filter status is off [in /Users/Developer/PycharmProjects/microblog/app/memory/routes.py:119]
2019-01-22 05:21:57,997 INFO: filter toggle button setting: Filter is off [in /Users/Developer/PycharmProjects/microblog/app/memory/routes.py:125]
2019-01-22 05:21:57,998 INFO: filter_status is off [in /Users/Developer/PycharmProjects/microblog/app/memory/routes.py:132]
2019-01-22 05:21:57,998 INFO: Filter is of, get unfiltered reults [in /Users/Developer/PycharmProjects/microblog/app/memory/routes.py:137]
2019-01-22 05:21:58,028 INFO: user is: juergen [in /Users/Developer/PycharmProjects/microblog/app/memory/routes.py:140]
2019-01-22 05:21:58,030 INFO: output memories: SELECT memory.id AS memory_id, memory.timestamp AS memory_timestamp, memory.memorized AS memory_memorized, memory.user_id AS memory_user_id, memory.type AS memory_type, memory.category AS memory_category, memory.abstract AS memory_abstract, memory.doc AS memory_doc, memory.dormant AS memory_dormant 
FROM memory 
WHERE memory.user_id = %(user_id_1)s AND memory.dormant = false ORDER BY memory.timestamp DESC [in /Users/Developer/PycharmProjects/microblog/app/memory/routes.py:141]
